<?xml version="1.0" encoding="UTF-8"?>
<testsuite xmlns:xsi="http://www.w3.org/2001/XMLSchema-instance" xsi:noNamespaceSchemaLocation="https://maven.apache.org/surefire/maven-surefire-plugin/xsd/surefire-test-report-3.0.xsd" version="3.0" name="com.project.pr14.PR14GestioLlibreriaJakartaMainTest" time="0.032" tests="5" errors="0" skipped="0" failures="0">
  <properties>
    <property name="java.specification.version" value="22"/>
    <property name="sun.jnu.encoding" value="UTF-8"/>
    <property name="java.class.path" value="/home/super/Documents/GitHub/DAM-M06-UF01-PR1.4-24-25-Practica-Punt-PartidaJordi/target/test-classes:/home/super/Documents/GitHub/DAM-M06-UF01-PR1.4-24-25-Practica-Punt-PartidaJordi/target/classes:/home/super/.m2/repository/org/xerial/sqlite-jdbc/3.46.1.0/sqlite-jdbc-3.46.1.0.jar:/home/super/.m2/repository/jakarta/json/jakarta.json-api/2.1.3/jakarta.json-api-2.1.3.jar:/home/super/.m2/repository/org/eclipse/parsson/parsson/1.1.7/parsson-1.1.7.jar:/home/super/.m2/repository/com/fasterxml/jackson/core/jackson-core/2.18.0/jackson-core-2.18.0.jar:/home/super/.m2/repository/com/fasterxml/jackson/core/jackson-databind/2.18.0/jackson-databind-2.18.0.jar:/home/super/.m2/repository/com/fasterxml/jackson/core/jackson-annotations/2.18.0/jackson-annotations-2.18.0.jar:/home/super/.m2/repository/org/json/json/20240303/json-20240303.jar:/home/super/.m2/repository/com/google/code/gson/gson/2.11.0/gson-2.11.0.jar:/home/super/.m2/repository/com/google/errorprone/error_prone_annotations/2.27.0/error_prone_annotations-2.27.0.jar:/home/super/.m2/repository/com/squareup/moshi/moshi/1.15.1/moshi-1.15.1.jar:/home/super/.m2/repository/com/squareup/okio/okio-jvm/3.7.0/okio-jvm-3.7.0.jar:/home/super/.m2/repository/org/jetbrains/kotlin/kotlin-stdlib/1.9.21/kotlin-stdlib-1.9.21.jar:/home/super/.m2/repository/org/jetbrains/annotations/13.0/annotations-13.0.jar:/home/super/.m2/repository/org/jetbrains/kotlin/kotlin-stdlib-jdk8/1.8.21/kotlin-stdlib-jdk8-1.8.21.jar:/home/super/.m2/repository/org/jetbrains/kotlin/kotlin-stdlib-jdk7/1.8.21/kotlin-stdlib-jdk7-1.8.21.jar:/home/super/.m2/repository/com/squareup/moshi/moshi-adapters/1.15.1/moshi-adapters-1.15.1.jar:/home/super/.m2/repository/io/undertow/undertow-core/2.3.17.Final/undertow-core-2.3.17.Final.jar:/home/super/.m2/repository/org/jboss/logging/jboss-logging/3.4.3.Final/jboss-logging-3.4.3.Final.jar:/home/super/.m2/repository/org/jboss/xnio/xnio-api/3.8.16.Final/xnio-api-3.8.16.Final.jar:/home/super/.m2/repository/org/wildfly/common/wildfly-common/1.5.4.Final/wildfly-common-1.5.4.Final.jar:/home/super/.m2/repository/org/wildfly/client/wildfly-client-config/1.0.1.Final/wildfly-client-config-1.0.1.Final.jar:/home/super/.m2/repository/org/jboss/xnio/xnio-nio/3.8.16.Final/xnio-nio-3.8.16.Final.jar:/home/super/.m2/repository/org/jboss/threads/jboss-threads/3.5.0.Final/jboss-threads-3.5.0.Final.jar:/home/super/.m2/repository/io/undertow/undertow-servlet/2.3.17.Final/undertow-servlet-2.3.17.Final.jar:/home/super/.m2/repository/jakarta/servlet/jakarta.servlet-api/6.0.0/jakarta.servlet-api-6.0.0.jar:/home/super/.m2/repository/jakarta/annotation/jakarta.annotation-api/2.1.1/jakarta.annotation-api-2.1.1.jar:/home/super/.m2/repository/org/apache/httpcomponents/client5/httpclient5/5.4/httpclient5-5.4.jar:/home/super/.m2/repository/org/apache/httpcomponents/core5/httpcore5/5.3/httpcore5-5.3.jar:/home/super/.m2/repository/org/apache/httpcomponents/core5/httpcore5-h2/5.3/httpcore5-h2-5.3.jar:/home/super/.m2/repository/org/slf4j/slf4j-api/2.0.3/slf4j-api-2.0.3.jar:/home/super/.m2/repository/org/slf4j/slf4j-simple/2.0.3/slf4j-simple-2.0.3.jar:/home/super/.m2/repository/org/junit/jupiter/junit-jupiter-api/5.9.3/junit-jupiter-api-5.9.3.jar:/home/super/.m2/repository/org/opentest4j/opentest4j/1.2.0/opentest4j-1.2.0.jar:/home/super/.m2/repository/org/junit/platform/junit-platform-commons/1.9.3/junit-platform-commons-1.9.3.jar:/home/super/.m2/repository/org/apiguardian/apiguardian-api/1.1.2/apiguardian-api-1.1.2.jar:/home/super/.m2/repository/org/junit/jupiter/junit-jupiter-engine/5.9.3/junit-jupiter-engine-5.9.3.jar:/home/super/.m2/repository/org/junit/platform/junit-platform-engine/1.9.3/junit-platform-engine-1.9.3.jar:"/>
    <property name="java.vm.vendor" value="Oracle Corporation"/>
    <property name="sun.arch.data.model" value="64"/>
    <property name="java.vendor.url" value="https://java.oracle.com/"/>
    <property name="user.timezone" value="Europe/Madrid"/>
    <property name="os.name" value="Linux"/>
    <property name="java.vm.specification.version" value="22"/>
    <property name="sun.java.launcher" value="SUN_STANDARD"/>
    <property name="user.country" value="ES"/>
    <property name="sun.boot.library.path" value="/opt/jdk-22.0.2/lib"/>
    <property name="sun.java.command" value="/home/super/Documents/GitHub/DAM-M06-UF01-PR1.4-24-25-Practica-Punt-PartidaJordi/target/surefire/surefirebooter6924633328064535191.jar /home/super/Documents/GitHub/DAM-M06-UF01-PR1.4-24-25-Practica-Punt-PartidaJordi/target/surefire 2024-10-17T16-28-17_030-jvmRun1 surefire3151616067385587209tmp surefire_015067155581656408685tmp"/>
    <property name="jdk.debug" value="release"/>
    <property name="surefire.test.class.path" value="/home/super/Documents/GitHub/DAM-M06-UF01-PR1.4-24-25-Practica-Punt-PartidaJordi/target/test-classes:/home/super/Documents/GitHub/DAM-M06-UF01-PR1.4-24-25-Practica-Punt-PartidaJordi/target/classes:/home/super/.m2/repository/org/xerial/sqlite-jdbc/3.46.1.0/sqlite-jdbc-3.46.1.0.jar:/home/super/.m2/repository/jakarta/json/jakarta.json-api/2.1.3/jakarta.json-api-2.1.3.jar:/home/super/.m2/repository/org/eclipse/parsson/parsson/1.1.7/parsson-1.1.7.jar:/home/super/.m2/repository/com/fasterxml/jackson/core/jackson-core/2.18.0/jackson-core-2.18.0.jar:/home/super/.m2/repository/com/fasterxml/jackson/core/jackson-databind/2.18.0/jackson-databind-2.18.0.jar:/home/super/.m2/repository/com/fasterxml/jackson/core/jackson-annotations/2.18.0/jackson-annotations-2.18.0.jar:/home/super/.m2/repository/org/json/json/20240303/json-20240303.jar:/home/super/.m2/repository/com/google/code/gson/gson/2.11.0/gson-2.11.0.jar:/home/super/.m2/repository/com/google/errorprone/error_prone_annotations/2.27.0/error_prone_annotations-2.27.0.jar:/home/super/.m2/repository/com/squareup/moshi/moshi/1.15.1/moshi-1.15.1.jar:/home/super/.m2/repository/com/squareup/okio/okio-jvm/3.7.0/okio-jvm-3.7.0.jar:/home/super/.m2/repository/org/jetbrains/kotlin/kotlin-stdlib/1.9.21/kotlin-stdlib-1.9.21.jar:/home/super/.m2/repository/org/jetbrains/annotations/13.0/annotations-13.0.jar:/home/super/.m2/repository/org/jetbrains/kotlin/kotlin-stdlib-jdk8/1.8.21/kotlin-stdlib-jdk8-1.8.21.jar:/home/super/.m2/repository/org/jetbrains/kotlin/kotlin-stdlib-jdk7/1.8.21/kotlin-stdlib-jdk7-1.8.21.jar:/home/super/.m2/repository/com/squareup/moshi/moshi-adapters/1.15.1/moshi-adapters-1.15.1.jar:/home/super/.m2/repository/io/undertow/undertow-core/2.3.17.Final/undertow-core-2.3.17.Final.jar:/home/super/.m2/repository/org/jboss/logging/jboss-logging/3.4.3.Final/jboss-logging-3.4.3.Final.jar:/home/super/.m2/repository/org/jboss/xnio/xnio-api/3.8.16.Final/xnio-api-3.8.16.Final.jar:/home/super/.m2/repository/org/wildfly/common/wildfly-common/1.5.4.Final/wildfly-common-1.5.4.Final.jar:/home/super/.m2/repository/org/wildfly/client/wildfly-client-config/1.0.1.Final/wildfly-client-config-1.0.1.Final.jar:/home/super/.m2/repository/org/jboss/xnio/xnio-nio/3.8.16.Final/xnio-nio-3.8.16.Final.jar:/home/super/.m2/repository/org/jboss/threads/jboss-threads/3.5.0.Final/jboss-threads-3.5.0.Final.jar:/home/super/.m2/repository/io/undertow/undertow-servlet/2.3.17.Final/undertow-servlet-2.3.17.Final.jar:/home/super/.m2/repository/jakarta/servlet/jakarta.servlet-api/6.0.0/jakarta.servlet-api-6.0.0.jar:/home/super/.m2/repository/jakarta/annotation/jakarta.annotation-api/2.1.1/jakarta.annotation-api-2.1.1.jar:/home/super/.m2/repository/org/apache/httpcomponents/client5/httpclient5/5.4/httpclient5-5.4.jar:/home/super/.m2/repository/org/apache/httpcomponents/core5/httpcore5/5.3/httpcore5-5.3.jar:/home/super/.m2/repository/org/apache/httpcomponents/core5/httpcore5-h2/5.3/httpcore5-h2-5.3.jar:/home/super/.m2/repository/org/slf4j/slf4j-api/2.0.3/slf4j-api-2.0.3.jar:/home/super/.m2/repository/org/slf4j/slf4j-simple/2.0.3/slf4j-simple-2.0.3.jar:/home/super/.m2/repository/org/junit/jupiter/junit-jupiter-api/5.9.3/junit-jupiter-api-5.9.3.jar:/home/super/.m2/repository/org/opentest4j/opentest4j/1.2.0/opentest4j-1.2.0.jar:/home/super/.m2/repository/org/junit/platform/junit-platform-commons/1.9.3/junit-platform-commons-1.9.3.jar:/home/super/.m2/repository/org/apiguardian/apiguardian-api/1.1.2/apiguardian-api-1.1.2.jar:/home/super/.m2/repository/org/junit/jupiter/junit-jupiter-engine/5.9.3/junit-jupiter-engine-5.9.3.jar:/home/super/.m2/repository/org/junit/platform/junit-platform-engine/1.9.3/junit-platform-engine-1.9.3.jar:"/>
    <property name="sun.cpu.endian" value="little"/>
    <property name="user.home" value="/home/super"/>
    <property name="user.language" value="ca"/>
    <property name="java.specification.vendor" value="Oracle Corporation"/>
    <property name="java.version.date" value="2024-07-16"/>
    <property name="java.home" value="/opt/jdk-22.0.2"/>
    <property name="file.separator" value="/"/>
    <property name="basedir" value="/home/super/Documents/GitHub/DAM-M06-UF01-PR1.4-24-25-Practica-Punt-PartidaJordi"/>
    <property name="java.vm.compressedOopsMode" value="Zero based"/>
    <property name="line.separator" value="&#10;"/>
    <property name="java.specification.name" value="Java Platform API Specification"/>
    <property name="java.vm.specification.vendor" value="Oracle Corporation"/>
    <property name="surefire.real.class.path" value="/home/super/Documents/GitHub/DAM-M06-UF01-PR1.4-24-25-Practica-Punt-PartidaJordi/target/surefire/surefirebooter6924633328064535191.jar"/>
    <property name="sun.management.compiler" value="HotSpot 64-Bit Tiered Compilers"/>
    <property name="java.runtime.version" value="22.0.2+9-70"/>
    <property name="user.name" value="super"/>
    <property name="stdout.encoding" value="UTF-8"/>
    <property name="path.separator" value=":"/>
    <property name="os.version" value="6.8.0-45-generic"/>
    <property name="java.runtime.name" value="OpenJDK Runtime Environment"/>
    <property name="file.encoding" value="UTF-8"/>
    <property name="java.vm.name" value="OpenJDK 64-Bit Server VM"/>
    <property name="localRepository" value="/home/super/.m2/repository"/>
    <property name="java.vendor.url.bug" value="https://bugreport.java.com/bugreport/"/>
    <property name="java.io.tmpdir" value="/tmp"/>
    <property name="java.version" value="22.0.2"/>
    <property name="user.dir" value="/home/super/Documents/GitHub/DAM-M06-UF01-PR1.4-24-25-Practica-Punt-PartidaJordi"/>
    <property name="os.arch" value="amd64"/>
    <property name="java.vm.specification.name" value="Java Virtual Machine Specification"/>
    <property name="native.encoding" value="UTF-8"/>
    <property name="java.library.path" value="/usr/java/packages/lib:/usr/lib64:/lib64:/lib:/usr/lib"/>
    <property name="java.vm.info" value="mixed mode, sharing"/>
    <property name="stderr.encoding" value="UTF-8"/>
    <property name="java.vendor" value="Oracle Corporation"/>
    <property name="java.vm.version" value="22.0.2+9-70"/>
    <property name="sun.io.unicode.encoding" value="UnicodeLittle"/>
    <property name="java.class.version" value="66.0"/>
  </properties>
  <testcase name="testEsborrarLlibre" classname="com.project.pr14.PR14GestioLlibreriaJakartaMainTest" time="0.014"/>
  <testcase name="testCarregarLlibres" classname="com.project.pr14.PR14GestioLlibreriaJakartaMainTest" time="0.002"/>
  <testcase name="testAfegirNouLlibre" classname="com.project.pr14.PR14GestioLlibreriaJakartaMainTest" time="0.002"/>
  <testcase name="testModificarAnyPublicacio" classname="com.project.pr14.PR14GestioLlibreriaJakartaMainTest" time="0.002"/>
  <testcase name="testGuardarLlibres" classname="com.project.pr14.PR14GestioLlibreriaJakartaMainTest" time="0.01"/>
</testsuite>